2020-09-12 16:27:24.325 [main] INFO  com.course.Application - Starting Application on DESKTOP-CAD5Q0J with PID 7104 (D:\workspace\jktest\AutoTest\jiekopingtai\target\classes started by abc in D:\workspace\jktest\AutoTest)
2020-09-12 16:27:24.333 [main] INFO  com.course.Application - No active profile set, falling back to default profiles: default
2020-09-12 16:27:24.415 [main] INFO  o.s.boot.context.embedded.AnnotationConfigEmbeddedWebApplicationContext - Refreshing org.springframework.boot.context.embedded.AnnotationConfigEmbeddedWebApplicationContext@564fabc8: startup date [Sat Sep 12 16:27:24 CST 2020]; root of context hierarchy
2020-09-12 16:27:25.714 [main] WARN  org.mybatis.spring.mapper.ClassPathMapperScanner - No MyBatis mapper was found in '[com.course]' package. Please check your configuration.
2020-09-12 16:27:26.181 [main] INFO  o.s.context.support.PostProcessorRegistrationDelegate$BeanPostProcessorChecker - Bean 'org.springframework.transaction.annotation.ProxyTransactionManagementConfiguration' of type [org.springframework.transaction.annotation.ProxyTransactionManagementConfiguration$$EnhancerBySpringCGLIB$$61e5499a] is not eligible for getting processed by all BeanPostProcessors (for example: not eligible for auto-proxying)
2020-09-12 16:27:26.432 [main] INFO  org.springframework.boot.context.embedded.tomcat.TomcatEmbeddedServletContainer - Tomcat initialized with port(s): 8888 (http)
2020-09-12 16:27:26.440 [main] INFO  org.apache.catalina.core.StandardService - Starting service Tomcat
2020-09-12 16:27:26.441 [main] INFO  org.apache.catalina.core.StandardEngine - Starting Servlet Engine: Apache Tomcat/8.5.14
2020-09-12 16:27:26.559 [localhost-startStop-1] INFO  org.apache.catalina.core.ContainerBase.[Tomcat].[localhost].[/] - Initializing Spring embedded WebApplicationContext
2020-09-12 16:27:26.559 [localhost-startStop-1] INFO  org.springframework.web.context.ContextLoader - Root WebApplicationContext: initialization completed in 2144 ms
2020-09-12 16:27:26.705 [localhost-startStop-1] INFO  org.springframework.boot.web.servlet.ServletRegistrationBean - Mapping servlet: 'dispatcherServlet' to [/]
2020-09-12 16:27:26.710 [localhost-startStop-1] INFO  org.springframework.boot.web.servlet.FilterRegistrationBean - Mapping filter: 'characterEncodingFilter' to: [/*]
2020-09-12 16:27:26.710 [localhost-startStop-1] INFO  org.springframework.boot.web.servlet.FilterRegistrationBean - Mapping filter: 'hiddenHttpMethodFilter' to: [/*]
2020-09-12 16:27:26.710 [localhost-startStop-1] INFO  org.springframework.boot.web.servlet.FilterRegistrationBean - Mapping filter: 'httpPutFormContentFilter' to: [/*]
2020-09-12 16:27:26.711 [localhost-startStop-1] INFO  org.springframework.boot.web.servlet.FilterRegistrationBean - Mapping filter: 'requestContextFilter' to: [/*]
2020-09-12 16:27:27.940 [main] INFO  o.springframework.web.servlet.mvc.method.annotation.RequestMappingHandlerMapping - Mapped "{[/v1/getUserInfo],methods=[POST]}" onto public java.util.List<com.course.modle.User> com.course.controller.UserManager.getUserInfo(javax.servlet.http.HttpServletRequest,com.course.modle.User)
2020-09-12 16:27:27.942 [main] INFO  o.springframework.web.servlet.mvc.method.annotation.RequestMappingHandlerMapping - Mapped "{[/v1/addUser],methods=[POST]}" onto public boolean com.course.controller.UserManager.addUser(javax.servlet.http.HttpServletRequest,com.course.modle.User)
2020-09-12 16:27:27.942 [main] INFO  o.springframework.web.servlet.mvc.method.annotation.RequestMappingHandlerMapping - Mapped "{[/v1/updateUserInfo],methods=[POST]}" onto public int com.course.controller.UserManager.updateUser(javax.servlet.http.HttpServletRequest,com.course.modle.User)
2020-09-12 16:27:27.942 [main] INFO  o.springframework.web.servlet.mvc.method.annotation.RequestMappingHandlerMapping - Mapped "{[/v1/login],methods=[POST]}" onto public java.lang.Boolean com.course.controller.UserManager.login(javax.servlet.http.HttpServletResponse,com.course.modle.User)
2020-09-12 16:27:27.943 [main] INFO  o.springframework.web.servlet.mvc.method.annotation.RequestMappingHandlerMapping - Mapped "{[/v2/api-docs],methods=[GET],produces=[application/json || application/hal+json]}" onto public org.springframework.http.ResponseEntity<springfox.documentation.spring.web.json.Json> springfox.documentation.swagger2.web.Swagger2Controller.getDocumentation(java.lang.String,javax.servlet.http.HttpServletRequest)
2020-09-12 16:27:27.946 [main] INFO  o.springframework.web.servlet.mvc.method.annotation.RequestMappingHandlerMapping - Mapped "{[/swagger-resources/configuration/security]}" onto org.springframework.http.ResponseEntity<springfox.documentation.swagger.web.SecurityConfiguration> springfox.documentation.swagger.web.ApiResourceController.securityConfiguration()
2020-09-12 16:27:27.947 [main] INFO  o.springframework.web.servlet.mvc.method.annotation.RequestMappingHandlerMapping - Mapped "{[/swagger-resources/configuration/ui]}" onto org.springframework.http.ResponseEntity<springfox.documentation.swagger.web.UiConfiguration> springfox.documentation.swagger.web.ApiResourceController.uiConfiguration()
2020-09-12 16:27:27.948 [main] INFO  o.springframework.web.servlet.mvc.method.annotation.RequestMappingHandlerMapping - Mapped "{[/swagger-resources]}" onto org.springframework.http.ResponseEntity<java.util.List<springfox.documentation.swagger.web.SwaggerResource>> springfox.documentation.swagger.web.ApiResourceController.swaggerResources()
2020-09-12 16:27:27.951 [main] INFO  o.springframework.web.servlet.mvc.method.annotation.RequestMappingHandlerMapping - Mapped "{[/error]}" onto public org.springframework.http.ResponseEntity<java.util.Map<java.lang.String, java.lang.Object>> org.springframework.boot.autoconfigure.web.BasicErrorController.error(javax.servlet.http.HttpServletRequest)
2020-09-12 16:27:27.952 [main] INFO  o.springframework.web.servlet.mvc.method.annotation.RequestMappingHandlerMapping - Mapped "{[/error],produces=[text/html]}" onto public org.springframework.web.servlet.ModelAndView org.springframework.boot.autoconfigure.web.BasicErrorController.errorHtml(javax.servlet.http.HttpServletRequest,javax.servlet.http.HttpServletResponse)
2020-09-12 16:27:28.099 [main] INFO  o.springframework.web.servlet.mvc.method.annotation.RequestMappingHandlerAdapter - Looking for @ControllerAdvice: org.springframework.boot.context.embedded.AnnotationConfigEmbeddedWebApplicationContext@564fabc8: startup date [Sat Sep 12 16:27:24 CST 2020]; root of context hierarchy
2020-09-12 16:27:28.189 [main] INFO  org.springframework.web.servlet.handler.SimpleUrlHandlerMapping - Mapped URL path [/webjars/**] onto handler of type [class org.springframework.web.servlet.resource.ResourceHttpRequestHandler]
2020-09-12 16:27:28.190 [main] INFO  org.springframework.web.servlet.handler.SimpleUrlHandlerMapping - Mapped URL path [/**] onto handler of type [class org.springframework.web.servlet.resource.ResourceHttpRequestHandler]
2020-09-12 16:27:28.276 [main] INFO  org.springframework.web.servlet.handler.SimpleUrlHandlerMapping - Mapped URL path [/**/favicon.ico] onto handler of type [class org.springframework.web.servlet.resource.ResourceHttpRequestHandler]
2020-09-12 16:27:28.514 [main] INFO  org.springframework.jmx.export.annotation.AnnotationMBeanExporter - Registering beans for JMX exposure on startup
2020-09-12 16:27:28.527 [main] INFO  org.springframework.context.support.DefaultLifecycleProcessor - Starting beans in phase 2147483647
2020-09-12 16:27:28.528 [main] INFO  springfox.documentation.spring.web.plugins.DocumentationPluginsBootstrapper - Context refreshed
2020-09-12 16:27:28.543 [main] INFO  springfox.documentation.spring.web.plugins.DocumentationPluginsBootstrapper - Found 1 custom documentation plugin(s)
2020-09-12 16:27:28.553 [main] INFO  springfox.documentation.spring.web.scanners.ApiListingReferenceScanner - Scanning for api listing references
2020-09-12 16:27:28.772 [main] ERROR springfox.documentation.swagger.readers.operation.OperationHttpMethodReader - Invalid http method: POStValid ones are [[Lorg.springframework.web.bind.annotation.RequestMethod;@26ca61bf]
java.lang.IllegalArgumentException: No enum constant org.springframework.web.bind.annotation.RequestMethod.POSt
	at java.lang.Enum.valueOf(Enum.java:238)
	at org.springframework.web.bind.annotation.RequestMethod.valueOf(RequestMethod.java:35)
	at springfox.documentation.swagger.readers.operation.OperationHttpMethodReader.apply(OperationHttpMethodReader.java:49)
	at springfox.documentation.spring.web.plugins.DocumentationPluginsManager.operation(DocumentationPluginsManager.java:123)
	at springfox.documentation.spring.web.readers.operation.ApiOperationReader.read(ApiOperationReader.java:73)
	at springfox.documentation.spring.web.scanners.CachingOperationReader$1.load(CachingOperationReader.java:50)
	at springfox.documentation.spring.web.scanners.CachingOperationReader$1.load(CachingOperationReader.java:48)
	at com.google.common.cache.LocalCache$LoadingValueReference.loadFuture(LocalCache.java:3527)
	at com.google.common.cache.LocalCache$Segment.loadSync(LocalCache.java:2319)
	at com.google.common.cache.LocalCache$Segment.lockedGetOrLoad(LocalCache.java:2282)
	at com.google.common.cache.LocalCache$Segment.get(LocalCache.java:2197)
	at com.google.common.cache.LocalCache.get(LocalCache.java:3937)
	at com.google.common.cache.LocalCache.getOrLoad(LocalCache.java:3941)
	at com.google.common.cache.LocalCache$LocalLoadingCache.get(LocalCache.java:4824)
	at com.google.common.cache.LocalCache$LocalLoadingCache.getUnchecked(LocalCache.java:4830)
	at springfox.documentation.spring.web.scanners.CachingOperationReader.read(CachingOperationReader.java:57)
	at springfox.documentation.spring.web.scanners.ApiDescriptionReader.read(ApiDescriptionReader.java:66)
	at springfox.documentation.spring.web.scanners.ApiListingScanner.scan(ApiListingScanner.java:89)
	at springfox.documentation.spring.web.scanners.ApiDocumentationScanner.scan(ApiDocumentationScanner.java:70)
	at springfox.documentation.spring.web.plugins.DocumentationPluginsBootstrapper.scanDocumentation(DocumentationPluginsBootstrapper.java:85)
	at springfox.documentation.spring.web.plugins.DocumentationPluginsBootstrapper.start(DocumentationPluginsBootstrapper.java:127)
	at org.springframework.context.support.DefaultLifecycleProcessor.doStart(DefaultLifecycleProcessor.java:175)
	at org.springframework.context.support.DefaultLifecycleProcessor.access$200(DefaultLifecycleProcessor.java:50)
	at org.springframework.context.support.DefaultLifecycleProcessor$LifecycleGroup.start(DefaultLifecycleProcessor.java:348)
	at org.springframework.context.support.DefaultLifecycleProcessor.startBeans(DefaultLifecycleProcessor.java:151)
	at org.springframework.context.support.DefaultLifecycleProcessor.onRefresh(DefaultLifecycleProcessor.java:114)
	at org.springframework.context.support.AbstractApplicationContext.finishRefresh(AbstractApplicationContext.java:879)
	at org.springframework.boot.context.embedded.EmbeddedWebApplicationContext.finishRefresh(EmbeddedWebApplicationContext.java:144)
	at org.springframework.context.support.AbstractApplicationContext.refresh(AbstractApplicationContext.java:545)
	at org.springframework.boot.context.embedded.EmbeddedWebApplicationContext.refresh(EmbeddedWebApplicationContext.java:122)
	at org.springframework.boot.SpringApplication.refresh(SpringApplication.java:737)
	at org.springframework.boot.SpringApplication.refreshContext(SpringApplication.java:370)
	at org.springframework.boot.SpringApplication.run(SpringApplication.java:314)
	at org.springframework.boot.SpringApplication.run(SpringApplication.java:1162)
	at org.springframework.boot.SpringApplication.run(SpringApplication.java:1151)
	at com.course.Application.main(Application.java:16)
2020-09-12 16:27:28.838 [main] INFO  org.springframework.boot.context.embedded.tomcat.TomcatEmbeddedServletContainer - Tomcat started on port(s): 8888 (http)
2020-09-12 16:27:28.955 [main] INFO  com.course.Application - Started Application in 5.199 seconds (JVM running for 7.397)
2020-09-12 16:27:48.103 [http-nio-8888-exec-2] INFO  org.apache.catalina.core.ContainerBase.[Tomcat].[localhost].[/] - Initializing Spring FrameworkServlet 'dispatcherServlet'
2020-09-12 16:27:48.103 [http-nio-8888-exec-2] INFO  org.springframework.web.servlet.DispatcherServlet - FrameworkServlet 'dispatcherServlet': initialization started
2020-09-12 16:27:48.124 [http-nio-8888-exec-2] INFO  org.springframework.web.servlet.DispatcherServlet - FrameworkServlet 'dispatcherServlet': initialization completed in 21 ms
2020-09-12 16:27:49.154 [http-nio-8888-exec-2] INFO  com.course.controller.UserManager - 查询到的结果是1
2020-09-12 16:27:49.154 [http-nio-8888-exec-2] INFO  com.course.controller.UserManager - 登陆的用户是：zhangsan
2020-09-12 16:27:49.270 [http-nio-8888-exec-1] INFO  com.course.controller.UserManager - 查询到的结果是0
2020-09-12 16:27:49.341 [http-nio-8888-exec-3] INFO  com.course.controller.UserManager - cookies验证通过
2020-09-12 16:27:49.359 [http-nio-8888-exec-3] INFO  com.course.controller.UserManager - 添加用户的数量是：1
2020-09-12 16:27:54.439 [http-nio-8888-exec-4] INFO  com.course.controller.UserManager - cookies验证通过
2020-09-12 16:27:54.477 [http-nio-8888-exec-4] INFO  com.course.controller.UserManager - getUserInfo获取到的用户数量是1
2020-09-12 16:27:54.549 [http-nio-8888-exec-5] INFO  com.course.controller.UserManager - cookies验证通过
2020-09-12 16:27:54.563 [http-nio-8888-exec-5] INFO  com.course.controller.UserManager - 更新数据的条目数为：1
2020-09-12 16:28:04.669 [http-nio-8888-exec-6] INFO  com.course.controller.UserManager - cookies验证通过
2020-09-12 16:28:04.703 [http-nio-8888-exec-6] INFO  com.course.controller.UserManager - 更新数据的条目数为：1
2020-09-12 16:28:14.771 [http-nio-8888-exec-7] INFO  com.course.controller.UserManager - cookies验证通过
2020-09-12 16:28:14.781 [http-nio-8888-exec-7] INFO  com.course.controller.UserManager - getUserInfo获取到的用户数量是6
2020-09-12 16:33:27.403 [http-nio-8888-exec-9] INFO  com.course.controller.UserManager - 查询到的结果是1
2020-09-12 16:33:27.403 [http-nio-8888-exec-9] INFO  com.course.controller.UserManager - 登陆的用户是：zhangsan
2020-09-12 16:33:27.517 [http-nio-8888-exec-10] INFO  com.course.controller.UserManager - 查询到的结果是0
2020-09-12 16:33:27.585 [http-nio-8888-exec-2] INFO  com.course.controller.UserManager - cookies验证通过
2020-09-12 16:33:27.589 [http-nio-8888-exec-2] INFO  com.course.controller.UserManager - 添加用户的数量是：1
2020-09-12 16:33:32.684 [http-nio-8888-exec-1] INFO  com.course.controller.UserManager - cookies验证通过
2020-09-12 16:33:32.690 [http-nio-8888-exec-1] INFO  com.course.controller.UserManager - getUserInfo获取到的用户数量是1
2020-09-12 16:33:32.750 [http-nio-8888-exec-3] INFO  com.course.controller.UserManager - cookies验证通过
2020-09-12 16:33:32.755 [http-nio-8888-exec-3] INFO  com.course.controller.UserManager - 更新数据的条目数为：1
2020-09-12 16:33:42.863 [http-nio-8888-exec-4] INFO  com.course.controller.UserManager - cookies验证通过
2020-09-12 16:33:42.870 [http-nio-8888-exec-4] INFO  com.course.controller.UserManager - 更新数据的条目数为：1
2020-09-12 16:33:52.935 [http-nio-8888-exec-5] INFO  com.course.controller.UserManager - cookies验证通过
2020-09-12 16:33:52.944 [http-nio-8888-exec-5] INFO  com.course.controller.UserManager - getUserInfo获取到的用户数量是7
2020-09-12 16:40:58.002 [http-nio-8888-exec-7] INFO  com.course.controller.UserManager - 查询到的结果是1
2020-09-12 16:40:58.003 [http-nio-8888-exec-7] INFO  com.course.controller.UserManager - 登陆的用户是：zhangsan
2020-09-12 16:40:58.080 [http-nio-8888-exec-8] INFO  com.course.controller.UserManager - 查询到的结果是0
2020-09-12 16:40:58.148 [http-nio-8888-exec-9] INFO  com.course.controller.UserManager - cookies验证通过
2020-09-12 16:40:58.155 [http-nio-8888-exec-9] INFO  com.course.controller.UserManager - 添加用户的数量是：1
2020-09-12 16:41:03.216 [http-nio-8888-exec-10] INFO  com.course.controller.UserManager - cookies验证通过
2020-09-12 16:41:03.226 [http-nio-8888-exec-10] INFO  com.course.controller.UserManager - getUserInfo获取到的用户数量是1
2020-09-12 16:41:03.294 [http-nio-8888-exec-2] INFO  com.course.controller.UserManager - cookies验证通过
2020-09-12 16:41:03.302 [http-nio-8888-exec-2] INFO  com.course.controller.UserManager - 更新数据的条目数为：1
2020-09-12 16:41:13.394 [http-nio-8888-exec-1] INFO  com.course.controller.UserManager - cookies验证通过
2020-09-12 16:41:13.402 [http-nio-8888-exec-1] INFO  com.course.controller.UserManager - 更新数据的条目数为：1
2020-09-12 16:41:23.455 [http-nio-8888-exec-3] INFO  com.course.controller.UserManager - cookies验证通过
2020-09-12 16:41:23.458 [http-nio-8888-exec-3] INFO  com.course.controller.UserManager - getUserInfo获取到的用户数量是1
2020-09-12 16:54:14.546 [http-nio-8888-exec-5] INFO  com.course.controller.UserManager - 查询到的结果是1
2020-09-12 16:54:14.547 [http-nio-8888-exec-5] INFO  com.course.controller.UserManager - 登陆的用户是：zhangsan
2020-09-12 16:54:14.651 [http-nio-8888-exec-6] INFO  com.course.controller.UserManager - 查询到的结果是0
2020-09-12 16:54:14.748 [http-nio-8888-exec-7] INFO  com.course.controller.UserManager - cookies验证通过
2020-09-12 16:54:14.756 [http-nio-8888-exec-7] INFO  com.course.controller.UserManager - 添加用户的数量是：1
2020-09-12 16:54:19.842 [http-nio-8888-exec-8] INFO  com.course.controller.UserManager - cookies验证通过
2020-09-12 16:54:19.849 [http-nio-8888-exec-8] INFO  com.course.controller.UserManager - getUserInfo获取到的用户数量是1
2020-09-12 16:54:19.983 [http-nio-8888-exec-9] INFO  com.course.controller.UserManager - cookies验证通过
2020-09-12 16:54:19.998 [http-nio-8888-exec-9] INFO  com.course.controller.UserManager - 更新数据的条目数为：1
2020-09-12 16:54:30.100 [http-nio-8888-exec-10] INFO  com.course.controller.UserManager - cookies验证通过
2020-09-12 16:54:30.113 [http-nio-8888-exec-10] INFO  com.course.controller.UserManager - 更新数据的条目数为：1
2020-09-12 16:54:40.184 [http-nio-8888-exec-2] INFO  com.course.controller.UserManager - cookies验证通过
2020-09-12 16:54:40.194 [http-nio-8888-exec-2] INFO  com.course.controller.UserManager - getUserInfo获取到的用户数量是1
2020-09-12 17:11:17.896 [main] INFO  com.course.Application - Starting Application on DESKTOP-CAD5Q0J with PID 7940 (D:\workspace\jktest\AutoTest\jiekopingtai\target\classes started by abc in D:\workspace\jktest\AutoTest)
2020-09-12 17:11:17.899 [main] INFO  com.course.Application - No active profile set, falling back to default profiles: default
2020-09-12 17:11:17.969 [main] INFO  o.s.boot.context.embedded.AnnotationConfigEmbeddedWebApplicationContext - Refreshing org.springframework.boot.context.embedded.AnnotationConfigEmbeddedWebApplicationContext@564fabc8: startup date [Sat Sep 12 17:11:17 CST 2020]; root of context hierarchy
2020-09-12 17:11:19.297 [main] WARN  org.mybatis.spring.mapper.ClassPathMapperScanner - No MyBatis mapper was found in '[com.course]' package. Please check your configuration.
2020-09-12 17:11:19.735 [main] INFO  o.s.context.support.PostProcessorRegistrationDelegate$BeanPostProcessorChecker - Bean 'org.springframework.transaction.annotation.ProxyTransactionManagementConfiguration' of type [org.springframework.transaction.annotation.ProxyTransactionManagementConfiguration$$EnhancerBySpringCGLIB$$a34b7b4d] is not eligible for getting processed by all BeanPostProcessors (for example: not eligible for auto-proxying)
2020-09-12 17:11:20.002 [main] INFO  org.springframework.boot.context.embedded.tomcat.TomcatEmbeddedServletContainer - Tomcat initialized with port(s): 8888 (http)
2020-09-12 17:11:20.011 [main] INFO  org.apache.catalina.core.StandardService - Starting service Tomcat
2020-09-12 17:11:20.012 [main] INFO  org.apache.catalina.core.StandardEngine - Starting Servlet Engine: Apache Tomcat/8.5.14
2020-09-12 17:11:20.110 [localhost-startStop-1] INFO  org.apache.catalina.core.ContainerBase.[Tomcat].[localhost].[/] - Initializing Spring embedded WebApplicationContext
2020-09-12 17:11:20.110 [localhost-startStop-1] INFO  org.springframework.web.context.ContextLoader - Root WebApplicationContext: initialization completed in 2141 ms
2020-09-12 17:11:20.270 [localhost-startStop-1] INFO  org.springframework.boot.web.servlet.ServletRegistrationBean - Mapping servlet: 'dispatcherServlet' to [/]
2020-09-12 17:11:20.274 [localhost-startStop-1] INFO  org.springframework.boot.web.servlet.FilterRegistrationBean - Mapping filter: 'characterEncodingFilter' to: [/*]
2020-09-12 17:11:20.275 [localhost-startStop-1] INFO  org.springframework.boot.web.servlet.FilterRegistrationBean - Mapping filter: 'hiddenHttpMethodFilter' to: [/*]
2020-09-12 17:11:20.275 [localhost-startStop-1] INFO  org.springframework.boot.web.servlet.FilterRegistrationBean - Mapping filter: 'httpPutFormContentFilter' to: [/*]
2020-09-12 17:11:20.275 [localhost-startStop-1] INFO  org.springframework.boot.web.servlet.FilterRegistrationBean - Mapping filter: 'requestContextFilter' to: [/*]
2020-09-12 17:11:21.014 [main] INFO  o.springframework.web.servlet.mvc.method.annotation.RequestMappingHandlerMapping - Mapped "{[/v1/getUserInfo],methods=[POST]}" onto public java.util.List<com.course.modle.User> com.course.controller.UserManager.getUserInfo(javax.servlet.http.HttpServletRequest,com.course.modle.User)
2020-09-12 17:11:21.015 [main] INFO  o.springframework.web.servlet.mvc.method.annotation.RequestMappingHandlerMapping - Mapped "{[/v1/addUser],methods=[POST]}" onto public boolean com.course.controller.UserManager.addUser(javax.servlet.http.HttpServletRequest,com.course.modle.User)
2020-09-12 17:11:21.015 [main] INFO  o.springframework.web.servlet.mvc.method.annotation.RequestMappingHandlerMapping - Mapped "{[/v1/updateUserInfo],methods=[POST]}" onto public int com.course.controller.UserManager.updateUser(javax.servlet.http.HttpServletRequest,com.course.modle.User)
2020-09-12 17:11:21.016 [main] INFO  o.springframework.web.servlet.mvc.method.annotation.RequestMappingHandlerMapping - Mapped "{[/v1/login],methods=[POST]}" onto public java.lang.Boolean com.course.controller.UserManager.login(javax.servlet.http.HttpServletResponse,com.course.modle.User)
2020-09-12 17:11:21.016 [main] INFO  o.springframework.web.servlet.mvc.method.annotation.RequestMappingHandlerMapping - Mapped "{[/v2/api-docs],methods=[GET],produces=[application/json || application/hal+json]}" onto public org.springframework.http.ResponseEntity<springfox.documentation.spring.web.json.Json> springfox.documentation.swagger2.web.Swagger2Controller.getDocumentation(java.lang.String,javax.servlet.http.HttpServletRequest)
2020-09-12 17:11:21.019 [main] INFO  o.springframework.web.servlet.mvc.method.annotation.RequestMappingHandlerMapping - Mapped "{[/swagger-resources/configuration/security]}" onto org.springframework.http.ResponseEntity<springfox.documentation.swagger.web.SecurityConfiguration> springfox.documentation.swagger.web.ApiResourceController.securityConfiguration()
2020-09-12 17:11:21.020 [main] INFO  o.springframework.web.servlet.mvc.method.annotation.RequestMappingHandlerMapping - Mapped "{[/swagger-resources]}" onto org.springframework.http.ResponseEntity<java.util.List<springfox.documentation.swagger.web.SwaggerResource>> springfox.documentation.swagger.web.ApiResourceController.swaggerResources()
2020-09-12 17:11:21.020 [main] INFO  o.springframework.web.servlet.mvc.method.annotation.RequestMappingHandlerMapping - Mapped "{[/swagger-resources/configuration/ui]}" onto org.springframework.http.ResponseEntity<springfox.documentation.swagger.web.UiConfiguration> springfox.documentation.swagger.web.ApiResourceController.uiConfiguration()
2020-09-12 17:11:21.023 [main] INFO  o.springframework.web.servlet.mvc.method.annotation.RequestMappingHandlerMapping - Mapped "{[/error]}" onto public org.springframework.http.ResponseEntity<java.util.Map<java.lang.String, java.lang.Object>> org.springframework.boot.autoconfigure.web.BasicErrorController.error(javax.servlet.http.HttpServletRequest)
2020-09-12 17:11:21.023 [main] INFO  o.springframework.web.servlet.mvc.method.annotation.RequestMappingHandlerMapping - Mapped "{[/error],produces=[text/html]}" onto public org.springframework.web.servlet.ModelAndView org.springframework.boot.autoconfigure.web.BasicErrorController.errorHtml(javax.servlet.http.HttpServletRequest,javax.servlet.http.HttpServletResponse)
2020-09-12 17:11:21.151 [main] INFO  o.springframework.web.servlet.mvc.method.annotation.RequestMappingHandlerAdapter - Looking for @ControllerAdvice: org.springframework.boot.context.embedded.AnnotationConfigEmbeddedWebApplicationContext@564fabc8: startup date [Sat Sep 12 17:11:17 CST 2020]; root of context hierarchy
2020-09-12 17:11:21.194 [main] INFO  org.springframework.web.servlet.handler.SimpleUrlHandlerMapping - Mapped URL path [/webjars/**] onto handler of type [class org.springframework.web.servlet.resource.ResourceHttpRequestHandler]
2020-09-12 17:11:21.194 [main] INFO  org.springframework.web.servlet.handler.SimpleUrlHandlerMapping - Mapped URL path [/**] onto handler of type [class org.springframework.web.servlet.resource.ResourceHttpRequestHandler]
2020-09-12 17:11:21.230 [main] INFO  org.springframework.web.servlet.handler.SimpleUrlHandlerMapping - Mapped URL path [/**/favicon.ico] onto handler of type [class org.springframework.web.servlet.resource.ResourceHttpRequestHandler]
2020-09-12 17:11:21.459 [main] INFO  org.springframework.jmx.export.annotation.AnnotationMBeanExporter - Registering beans for JMX exposure on startup
2020-09-12 17:11:21.467 [main] INFO  org.springframework.context.support.DefaultLifecycleProcessor - Starting beans in phase 2147483647
2020-09-12 17:11:21.467 [main] INFO  springfox.documentation.spring.web.plugins.DocumentationPluginsBootstrapper - Context refreshed
2020-09-12 17:11:21.480 [main] INFO  springfox.documentation.spring.web.plugins.DocumentationPluginsBootstrapper - Found 1 custom documentation plugin(s)
2020-09-12 17:11:21.491 [main] INFO  springfox.documentation.spring.web.scanners.ApiListingReferenceScanner - Scanning for api listing references
2020-09-12 17:11:21.689 [main] ERROR springfox.documentation.swagger.readers.operation.OperationHttpMethodReader - Invalid http method: POStValid ones are [[Lorg.springframework.web.bind.annotation.RequestMethod;@7c5d1d25]
java.lang.IllegalArgumentException: No enum constant org.springframework.web.bind.annotation.RequestMethod.POSt
	at java.lang.Enum.valueOf(Enum.java:238)
	at org.springframework.web.bind.annotation.RequestMethod.valueOf(RequestMethod.java:35)
	at springfox.documentation.swagger.readers.operation.OperationHttpMethodReader.apply(OperationHttpMethodReader.java:49)
	at springfox.documentation.spring.web.plugins.DocumentationPluginsManager.operation(DocumentationPluginsManager.java:123)
	at springfox.documentation.spring.web.readers.operation.ApiOperationReader.read(ApiOperationReader.java:73)
	at springfox.documentation.spring.web.scanners.CachingOperationReader$1.load(CachingOperationReader.java:50)
	at springfox.documentation.spring.web.scanners.CachingOperationReader$1.load(CachingOperationReader.java:48)
	at com.google.common.cache.LocalCache$LoadingValueReference.loadFuture(LocalCache.java:3527)
	at com.google.common.cache.LocalCache$Segment.loadSync(LocalCache.java:2319)
	at com.google.common.cache.LocalCache$Segment.lockedGetOrLoad(LocalCache.java:2282)
	at com.google.common.cache.LocalCache$Segment.get(LocalCache.java:2197)
	at com.google.common.cache.LocalCache.get(LocalCache.java:3937)
	at com.google.common.cache.LocalCache.getOrLoad(LocalCache.java:3941)
	at com.google.common.cache.LocalCache$LocalLoadingCache.get(LocalCache.java:4824)
	at com.google.common.cache.LocalCache$LocalLoadingCache.getUnchecked(LocalCache.java:4830)
	at springfox.documentation.spring.web.scanners.CachingOperationReader.read(CachingOperationReader.java:57)
	at springfox.documentation.spring.web.scanners.ApiDescriptionReader.read(ApiDescriptionReader.java:66)
	at springfox.documentation.spring.web.scanners.ApiListingScanner.scan(ApiListingScanner.java:89)
	at springfox.documentation.spring.web.scanners.ApiDocumentationScanner.scan(ApiDocumentationScanner.java:70)
	at springfox.documentation.spring.web.plugins.DocumentationPluginsBootstrapper.scanDocumentation(DocumentationPluginsBootstrapper.java:85)
	at springfox.documentation.spring.web.plugins.DocumentationPluginsBootstrapper.start(DocumentationPluginsBootstrapper.java:127)
	at org.springframework.context.support.DefaultLifecycleProcessor.doStart(DefaultLifecycleProcessor.java:175)
	at org.springframework.context.support.DefaultLifecycleProcessor.access$200(DefaultLifecycleProcessor.java:50)
	at org.springframework.context.support.DefaultLifecycleProcessor$LifecycleGroup.start(DefaultLifecycleProcessor.java:348)
	at org.springframework.context.support.DefaultLifecycleProcessor.startBeans(DefaultLifecycleProcessor.java:151)
	at org.springframework.context.support.DefaultLifecycleProcessor.onRefresh(DefaultLifecycleProcessor.java:114)
	at org.springframework.context.support.AbstractApplicationContext.finishRefresh(AbstractApplicationContext.java:879)
	at org.springframework.boot.context.embedded.EmbeddedWebApplicationContext.finishRefresh(EmbeddedWebApplicationContext.java:144)
	at org.springframework.context.support.AbstractApplicationContext.refresh(AbstractApplicationContext.java:545)
	at org.springframework.boot.context.embedded.EmbeddedWebApplicationContext.refresh(EmbeddedWebApplicationContext.java:122)
	at org.springframework.boot.SpringApplication.refresh(SpringApplication.java:737)
	at org.springframework.boot.SpringApplication.refreshContext(SpringApplication.java:370)
	at org.springframework.boot.SpringApplication.run(SpringApplication.java:314)
	at org.springframework.boot.SpringApplication.run(SpringApplication.java:1162)
	at org.springframework.boot.SpringApplication.run(SpringApplication.java:1151)
	at com.course.Application.main(Application.java:16)
2020-09-12 17:11:21.750 [main] INFO  org.springframework.boot.context.embedded.tomcat.TomcatEmbeddedServletContainer - Tomcat started on port(s): 8888 (http)
2020-09-12 17:11:21.862 [main] INFO  com.course.Application - Started Application in 4.445 seconds (JVM running for 6.268)
